<?xml version="1.0" encoding="UTF-8"?>
<!-- Generated by org.testng.reporters.JUnitXMLReporter -->
<testsuite hostname="IBM781-PC0DPPRH" name="Test" tests="6" failures="0" timestamp="24 Aug 2017 09:30:01 GMT" time="59.366" errors="0">
  <testcase name="@BeforeClass setUp" time="0.0" classname="com.ibm.mySA_IA.testScripts.TC_99578_001_AddNewSolution">
    <failure type="org.openqa.selenium.ElementNotVisibleException" message="element not visible
  (Session info: chrome=60.0.3112.90)
  (Driver info: chromedriver=2.29.461591 (62ebf098771772160f391d75e589dc567915b233),platform=Windows NT 6.1.7601 SP1 x86_64) (WARNING: The server did not provide any stacktrace information)
Command duration or timeout: 75 milliseconds
Build info: version: &amp;apos;2.52.0&amp;apos;, revision: &amp;apos;4c2593cfc3689a7fcd7be52549167e5ccc93ad28&amp;apos;, time: &amp;apos;2016-02-11 11:22:43&amp;apos;
System info: host: &amp;apos;IBM781-PC0DPPRH&amp;apos;, ip: &amp;apos;9.193.110.183&amp;apos;, os.name: &amp;apos;Windows 7&amp;apos;, os.arch: &amp;apos;amd64&amp;apos;, os.version: &amp;apos;6.1&amp;apos;, java.version: &amp;apos;1.8.0&amp;apos;
Driver info: org.openqa.selenium.chrome.ChromeDriver
Capabilities [{applicationCacheEnabled=false, rotatable=false, mobileEmulationEnabled=false, networkConnectionEnabled=false, chrome={chromedriverVersion=2.29.461591 (62ebf098771772160f391d75e589dc567915b233), userDataDir=C:\Users\IBM_AD~1\AppData\Local\Temp\scoped_dir15184_10260}, takesHeapSnapshot=true, pageLoadStrategy=normal, databaseEnabled=false, handlesAlerts=true, hasTouchScreen=false, version=60.0.3112.90, platform=XP, browserConnectionEnabled=false, nativeEvents=true, acceptSslCerts=true, locationContextEnabled=true, webStorageEnabled=true, browserName=chrome, takesScreenshot=true, javascriptEnabled=true, cssSelectorsEnabled=true, unexpectedAlertBehaviour=}]
Session ID: 040309b6efd92a7e0ea46fd56d8c7e1b">
      <![CDATA[org.openqa.selenium.ElementNotVisibleException: element not visible
  (Session info: chrome=60.0.3112.90)
  (Driver info: chromedriver=2.29.461591 (62ebf098771772160f391d75e589dc567915b233),platform=Windows NT 6.1.7601 SP1 x86_64) (WARNING: The server did not provide any stacktrace information)
Command duration or timeout: 75 milliseconds
Build info: version: '2.52.0', revision: '4c2593cfc3689a7fcd7be52549167e5ccc93ad28', time: '2016-02-11 11:22:43'
System info: host: 'IBM781-PC0DPPRH', ip: '9.193.110.183', os.name: 'Windows 7', os.arch: 'amd64', os.version: '6.1', java.version: '1.8.0'
Driver info: org.openqa.selenium.chrome.ChromeDriver
Capabilities [{applicationCacheEnabled=false, rotatable=false, mobileEmulationEnabled=false, networkConnectionEnabled=false, chrome={chromedriverVersion=2.29.461591 (62ebf098771772160f391d75e589dc567915b233), userDataDir=C:\Users\IBM_AD~1\AppData\Local\Temp\scoped_dir15184_10260}, takesHeapSnapshot=true, pageLoadStrategy=normal, databaseEnabled=false, handlesAlerts=true, hasTouchScreen=false, version=60.0.3112.90, platform=XP, browserConnectionEnabled=false, nativeEvents=true, acceptSslCerts=true, locationContextEnabled=true, webStorageEnabled=true, browserName=chrome, takesScreenshot=true, javascriptEnabled=true, cssSelectorsEnabled=true, unexpectedAlertBehaviour=}]
Session ID: 040309b6efd92a7e0ea46fd56d8c7e1b
	at org.openqa.selenium.remote.ErrorHandler.createThrowable(ErrorHandler.java:206)
	at org.openqa.selenium.remote.ErrorHandler.throwIfResponseFailed(ErrorHandler.java:158)
	at org.openqa.selenium.remote.RemoteWebDriver.execute(RemoteWebDriver.java:678)
	at org.openqa.selenium.remote.RemoteWebElement.execute(RemoteWebElement.java:327)
	at org.openqa.selenium.remote.RemoteWebElement.click(RemoteWebElement.java:85)
	at com.ibm.mySA_IA.uiActions.SolutionsPage.ClickOnSaveButton(SolutionsPage.java:102)
	at com.ibm.mySA_IA.uiActions.SolutionsPage.addExistingSolution(SolutionsPage.java:163)
	at com.ibm.mySA_IA.testScripts.TC_99578_001_AddNewSolution.setUp(TC_99578_001_AddNewSolution.java:33)
... Removed 28 stack frames]]>
    </failure>
  </testcase> <!-- @BeforeClass setUp -->
  <testcase name="@AfterMethod tearDown" time="0.0" classname="com.ibm.mySA_IA.testScripts.TC_99578_001_AddNewSolution">
    <skipped/>
  </testcase> <!-- @AfterMethod tearDown -->
  <testcase name="@BeforeClass setUp" time="0.0" classname="com.ibm.mySA_IA.testScripts.TC_99578_002_VerifySolution">
    <skipped/>
  </testcase> <!-- @BeforeClass setUp -->
  <testcase name="@AfterMethod tearDown" time="0.0" classname="com.ibm.mySA_IA.testScripts.TC_99578_002_VerifySolution">
    <skipped/>
  </testcase> <!-- @AfterMethod tearDown -->
  <testcase name="@BeforeClass setUp" time="0.0" classname="com.ibm.mySA_IA.testScripts.TC_99578_003_VerifySolIncentive">
    <skipped/>
  </testcase> <!-- @BeforeClass setUp -->
  <testcase name="@AfterMethod tearDown" time="0.0" classname="com.ibm.mySA_IA.testScripts.TC_99578_003_VerifySolIncentive">
    <skipped/>
  </testcase> <!-- @AfterMethod tearDown -->
  <testcase name="@BeforeClass setUp" time="0.0" classname="com.ibm.mySA_IA.testScripts.TC_99580_001_AddExistingsol">
    <skipped/>
  </testcase> <!-- @BeforeClass setUp -->
  <testcase name="@AfterMethod tearDown" time="0.0" classname="com.ibm.mySA_IA.testScripts.TC_99580_001_AddExistingsol">
    <skipped/>
  </testcase> <!-- @AfterMethod tearDown -->
  <testcase name="@BeforeClass setUp" time="0.0" classname="com.ibm.mySA_IA.testScripts.TC_99580_002_VerifySolution">
    <skipped/>
  </testcase> <!-- @BeforeClass setUp -->
  <testcase name="@AfterMethod tearDown" time="0.0" classname="com.ibm.mySA_IA.testScripts.TC_99580_002_VerifySolution">
    <skipped/>
  </testcase> <!-- @AfterMethod tearDown -->
  <testcase name="@BeforeClass setUp" time="0.0" classname="com.ibm.mySA_IA.testScripts.TC_99580_003_Verifycreatedsolution">
    <skipped/>
  </testcase> <!-- @BeforeClass setUp -->
  <testcase name="@AfterMethod tearDown" time="0.0" classname="com.ibm.mySA_IA.testScripts.TC_99580_003_Verifycreatedsolution">
    <skipped/>
  </testcase> <!-- @AfterMethod tearDown -->
  <testcase name="testAddNewSolution" time="0.003" classname="com.ibm.mySA_IA.testScripts.TC_99578_001_AddNewSolution">
    <skipped/>
  </testcase> <!-- testAddNewSolution -->
  <testcase name="testVerifyNewSoln" time="0.002" classname="com.ibm.mySA_IA.testScripts.TC_99578_002_VerifySolution">
    <skipped/>
  </testcase> <!-- testVerifyNewSoln -->
  <testcase name="testVerifySolutionIncentive" time="0.003" classname="com.ibm.mySA_IA.testScripts.TC_99578_003_VerifySolIncentive">
    <skipped/>
  </testcase> <!-- testVerifySolutionIncentive -->
  <testcase name="testAddExistingSolution" time="0.002" classname="com.ibm.mySA_IA.testScripts.TC_99580_001_AddExistingsol">
    <skipped/>
  </testcase> <!-- testAddExistingSolution -->
  <testcase name="testverifyAddedSolution" time="0.0" classname="com.ibm.mySA_IA.testScripts.TC_99580_002_VerifySolution">
    <skipped/>
  </testcase> <!-- testverifyAddedSolution -->
  <testcase name="testVerifyCreatedSolution" time="0.0" classname="com.ibm.mySA_IA.testScripts.TC_99580_003_Verifycreatedsolution">
    <skipped/>
  </testcase> <!-- testVerifyCreatedSolution -->
</testsuite> <!-- Test -->
