<html>
<head>
<title>TestNG:  Test</title>
<link href="../testng.css" rel="stylesheet" type="text/css" />
<link href="../my-testng.css" rel="stylesheet" type="text/css" />

<style type="text/css">
.log { display: none;} 
.stack-trace { display: none;} 
</style>
<script type="text/javascript">
<!--
function flip(e) {
  current = e.style.display;
  if (current == 'block') {
    e.style.display = 'none';
    return 0;
  }
  else {
    e.style.display = 'block';
    return 1;
  }
}

function toggleBox(szDivId, elem, msg1, msg2)
{
  var res = -1;  if (document.getElementById) {
    res = flip(document.getElementById(szDivId));
  }
  else if (document.all) {
    // this is the way old msie versions work
    res = flip(document.all[szDivId]);
  }
  if(elem) {
    if(res == 0) elem.innerHTML = msg1; else elem.innerHTML = msg2;
  }

}

function toggleAllBoxes() {
  if (document.getElementsByTagName) {
    d = document.getElementsByTagName('div');
    for (i = 0; i < d.length; i++) {
      if (d[i].className == 'log') {
        flip(d[i]);
      }
    }
  }
}

// -->
</script>

</head>
<body>
<h2 align='center'>Test</h2><table border='1' align="center">
<tr>
<td>Tests passed/Failed/Skipped:</td><td>0/0/6</td>
</tr><tr>
<td>Started on:</td><td>Thu Aug 24 14:59:01 IST 2017</td>
</tr>
<tr><td>Total time:</td><td>59 seconds (59366 ms)</td>
</tr><tr>
<td>Included groups:</td><td></td>
</tr><tr>
<td>Excluded groups:</td><td></td>
</tr>
</table><p/>
<small><i>(Hover the method name to see the test class name)</i></small><p/>
<table width='100%' border='1' class='invocation-failed'>
<tr><td colspan='4' align='center'><b>FAILED CONFIGURATIONS</b></td></tr>
<tr><td><b>Test method</b></td>
<td width="30%"><b>Exception</b></td>
<td width="10%"><b>Time (seconds)</b></td>
<td><b>Instance</b></td>
</tr>
<tr>
<td title='com.ibm.mySA_IA.testScripts.TC_99578_001_AddNewSolution.setUp()'><b>setUp</b><br>Test class: com.ibm.mySA_IA.testScripts.TC_99578_001_AddNewSolution<br/>
<a href="#Output-648680157" onClick='toggleBox("Output-648680157", this, "Show output", "Hide output");'>Show output</a>

<a href="#Output-648680157" onClick="toggleAllBoxes();">Show all outputs</a>
<div class='log' id="Output-648680157">
creating object of chrome<br/>
Navigate to url<br/>
waiting for page to load...<br/>
Page is loaded<br/>
==========Starting VerifyloginWithValidCredentials test=========<br/>
Entered Email Address:-prasanjs@in.ibm.comand object is:-By.xpath: //input[@aria-label='Your IBM email address (e.g. jdoe@us.ibm.com)']<br/>
Entered Password:-PRAsan12345and object is:-By.xpath: //input[@aria-label='password']<br/>
==========Ending VerifyloginWithValidCredentials test=========<br/>
Selected incentive and object is:-By.xpath: .//*[@id='viewTable']/tbody/tr[1]/td[1]/a<br/>
clicked on solution tab and object is:-By.xpath: //a[contains(text(),'Solutions')]<br/>
clicked on Add Existing Solution and object is:-By.xpath: //a[contains(text(),'Add Existing Solutions')]<br/>
clicked on checkbox and object is:-By.xpath: //table[@id='viewSolutionTable']/tbody/tr[1]/td[1]//label/div<br/>
clicked on Add button and object is:-By.xpath: //a[@id='addsolution'][contains(text(),'Add')]<br/>
</div>
</td>
<td><div><pre>org.openqa.selenium.ElementNotVisibleException: element not visible
  (Session info: chrome=60.0.3112.90)
  (Driver info: chromedriver=2.29.461591 (62ebf098771772160f391d75e589dc567915b233),platform=Windows NT 6.1.7601 SP1 x86_64) (WARNING: The server did not provide any stacktrace information)
Command duration or timeout: 75 milliseconds
Build info: version: &apos;2.52.0&apos;, revision: &apos;4c2593cfc3689a7fcd7be52549167e5ccc93ad28&apos;, time: &apos;2016-02-11 11:22:43&apos;
System info: host: &apos;IBM781-PC0DPPRH&apos;, ip: &apos;9.193.110.183&apos;, os.name: &apos;Windows 7&apos;, os.arch: &apos;amd64&apos;, os.version: &apos;6.1&apos;, java.version: &apos;1.8.0&apos;
Driver info: org.openqa.selenium.chrome.ChromeDriver
Capabilities [{applicationCacheEnabled=false, rotatable=false, mobileEmulationEnabled=false, networkConnectionEnabled=false, chrome={chromedriverVersion=2.29.461591 (62ebf098771772160f391d75e589dc567915b233), userDataDir=C:\Users\IBM_AD~1\AppData\Local\Temp\scoped_dir15184_10260}, takesHeapSnapshot=true, pageLoadStrategy=normal, databaseEnabled=false, handlesAlerts=true, hasTouchScreen=false, version=60.0.3112.90, platform=XP, browserConnectionEnabled=false, nativeEvents=true, acceptSslCerts=true, locationContextEnabled=true, webStorageEnabled=true, browserName=chrome, takesScreenshot=true, javascriptEnabled=true, cssSelectorsEnabled=true, unexpectedAlertBehaviour=}]
Session ID: 040309b6efd92a7e0ea46fd56d8c7e1b
	at org.openqa.selenium.remote.ErrorHandler.createThrowable(ErrorHandler.java:206)
	at org.openqa.selenium.remote.ErrorHandler.throwIfResponseFailed(ErrorHandler.java:158)
	at org.openqa.selenium.remote.RemoteWebDriver.execute(RemoteWebDriver.java:678)
	at org.openqa.selenium.remote.RemoteWebElement.execute(RemoteWebElement.java:327)
	at org.openqa.selenium.remote.RemoteWebElement.click(RemoteWebElement.java:85)
	at com.ibm.mySA_IA.uiActions.SolutionsPage.ClickOnSaveButton(SolutionsPage.java:102)
	at com.ibm.mySA_IA.uiActions.SolutionsPage.addExistingSolution(SolutionsPage.java:163)
	at com.ibm.mySA_IA.testScripts.TC_99578_001_AddNewSolution.setUp(TC_99578_001_AddNewSolution.java:33)
... Removed 28 stack frames</pre></div><a href='#' onClick='toggleBox("stack-trace648680157", this, "Click to show all stack frames", "Click to hide stack frames")'>Click to show all stack frames</a>
<div class='stack-trace' id='stack-trace648680157'><pre>org.openqa.selenium.ElementNotVisibleException: element not visible
  (Session info: chrome=60.0.3112.90)
  (Driver info: chromedriver=2.29.461591 (62ebf098771772160f391d75e589dc567915b233),platform=Windows NT 6.1.7601 SP1 x86_64) (WARNING: The server did not provide any stacktrace information)
Command duration or timeout: 75 milliseconds
Build info: version: &apos;2.52.0&apos;, revision: &apos;4c2593cfc3689a7fcd7be52549167e5ccc93ad28&apos;, time: &apos;2016-02-11 11:22:43&apos;
System info: host: &apos;IBM781-PC0DPPRH&apos;, ip: &apos;9.193.110.183&apos;, os.name: &apos;Windows 7&apos;, os.arch: &apos;amd64&apos;, os.version: &apos;6.1&apos;, java.version: &apos;1.8.0&apos;
Driver info: org.openqa.selenium.chrome.ChromeDriver
Capabilities [{applicationCacheEnabled=false, rotatable=false, mobileEmulationEnabled=false, networkConnectionEnabled=false, chrome={chromedriverVersion=2.29.461591 (62ebf098771772160f391d75e589dc567915b233), userDataDir=C:\Users\IBM_AD~1\AppData\Local\Temp\scoped_dir15184_10260}, takesHeapSnapshot=true, pageLoadStrategy=normal, databaseEnabled=false, handlesAlerts=true, hasTouchScreen=false, version=60.0.3112.90, platform=XP, browserConnectionEnabled=false, nativeEvents=true, acceptSslCerts=true, locationContextEnabled=true, webStorageEnabled=true, browserName=chrome, takesScreenshot=true, javascriptEnabled=true, cssSelectorsEnabled=true, unexpectedAlertBehaviour=}]
Session ID: 040309b6efd92a7e0ea46fd56d8c7e1b
	at sun.reflect.NativeConstructorAccessorImpl.newInstance0(Native Method)
	at sun.reflect.NativeConstructorAccessorImpl.newInstance(NativeConstructorAccessorImpl.java:62)
	at sun.reflect.DelegatingConstructorAccessorImpl.newInstance(DelegatingConstructorAccessorImpl.java:45)
	at java.lang.reflect.Constructor.newInstance(Constructor.java:408)
	at org.openqa.selenium.remote.ErrorHandler.createThrowable(ErrorHandler.java:206)
	at org.openqa.selenium.remote.ErrorHandler.throwIfResponseFailed(ErrorHandler.java:158)
	at org.openqa.selenium.remote.RemoteWebDriver.execute(RemoteWebDriver.java:678)
	at org.openqa.selenium.remote.RemoteWebElement.execute(RemoteWebElement.java:327)
	at org.openqa.selenium.remote.RemoteWebElement.click(RemoteWebElement.java:85)
	at com.ibm.mySA_IA.uiActions.SolutionsPage.ClickOnSaveButton(SolutionsPage.java:102)
	at com.ibm.mySA_IA.uiActions.SolutionsPage.addExistingSolution(SolutionsPage.java:163)
	at com.ibm.mySA_IA.testScripts.TC_99578_001_AddNewSolution.setUp(TC_99578_001_AddNewSolution.java:33)
	at sun.reflect.NativeMethodAccessorImpl.invoke0(Native Method)
	at sun.reflect.NativeMethodAccessorImpl.invoke(NativeMethodAccessorImpl.java:62)
	at sun.reflect.DelegatingMethodAccessorImpl.invoke(DelegatingMethodAccessorImpl.java:43)
	at java.lang.reflect.Method.invoke(Method.java:483)
	at org.testng.internal.MethodInvocationHelper.invokeMethod(MethodInvocationHelper.java:85)
	at org.testng.internal.Invoker.invokeConfigurationMethod(Invoker.java:510)
	at org.testng.internal.Invoker.invokeConfigurations(Invoker.java:211)
	at org.testng.internal.Invoker.invokeConfigurations(Invoker.java:138)
	at org.testng.internal.TestMethodWorker.invokeBeforeClassMethods(TestMethodWorker.java:170)
	at org.testng.internal.TestMethodWorker.run(TestMethodWorker.java:104)
	at org.testng.TestRunner.privateRun(TestRunner.java:774)
	at org.testng.TestRunner.run(TestRunner.java:624)
	at org.testng.SuiteRunner.runTest(SuiteRunner.java:359)
	at org.testng.SuiteRunner.runSequentially(SuiteRunner.java:354)
	at org.testng.SuiteRunner.privateRun(SuiteRunner.java:312)
	at org.testng.SuiteRunner.run(SuiteRunner.java:261)
	at org.testng.SuiteRunnerWorker.runSuite(SuiteRunnerWorker.java:52)
	at org.testng.SuiteRunnerWorker.run(SuiteRunnerWorker.java:86)
	at org.testng.TestNG.runSuitesSequentially(TestNG.java:1191)
	at org.testng.TestNG.runSuitesLocally(TestNG.java:1116)
	at org.testng.TestNG.run(TestNG.java:1024)
	at org.testng.remote.AbstractRemoteTestNG.run(AbstractRemoteTestNG.java:132)
	at org.testng.remote.RemoteTestNG.initAndRun(RemoteTestNG.java:236)
	at org.testng.remote.RemoteTestNG.main(RemoteTestNG.java:81)
</pre></div></td>
<td>0</td>
<td>com.ibm.mySA_IA.testScripts.TC_99578_001_AddNewSolution@78c03f1f</td></tr>
</table><p>
<table width='100%' border='1' class='invocation-skipped'>
<tr><td colspan='4' align='center'><b>SKIPPED CONFIGURATIONS</b></td></tr>
<tr><td><b>Test method</b></td>
<td width="30%"><b>Exception</b></td>
<td width="10%"><b>Time (seconds)</b></td>
<td><b>Instance</b></td>
</tr>
<tr>
<td title='com.ibm.mySA_IA.testScripts.TC_99578_002_VerifySolution.setUp()'><b>setUp</b><br>Test class: com.ibm.mySA_IA.testScripts.TC_99578_002_VerifySolution</td>
<td></td>
<td>0</td>
<td>com.ibm.mySA_IA.testScripts.TC_99578_002_VerifySolution@5ec0a365</td></tr>
<tr>
<td title='com.ibm.mySA_IA.testScripts.TC_99578_003_VerifySolIncentive.setUp()'><b>setUp</b><br>Test class: com.ibm.mySA_IA.testScripts.TC_99578_003_VerifySolIncentive</td>
<td></td>
<td>0</td>
<td>com.ibm.mySA_IA.testScripts.TC_99578_003_VerifySolIncentive@4fe3c938</td></tr>
<tr>
<td title='com.ibm.mySA_IA.testScripts.TC_99580_001_AddExistingsol.setUp()'><b>setUp</b><br>Test class: com.ibm.mySA_IA.testScripts.TC_99580_001_AddExistingsol</td>
<td></td>
<td>0</td>
<td>com.ibm.mySA_IA.testScripts.TC_99580_001_AddExistingsol@5383967b</td></tr>
<tr>
<td title='com.ibm.mySA_IA.testScripts.TC_99580_002_VerifySolution.setUp()'><b>setUp</b><br>Test class: com.ibm.mySA_IA.testScripts.TC_99580_002_VerifySolution</td>
<td></td>
<td>0</td>
<td>com.ibm.mySA_IA.testScripts.TC_99580_002_VerifySolution@2ac273d3</td></tr>
<tr>
<td title='com.ibm.mySA_IA.testScripts.TC_99580_003_Verifycreatedsolution.setUp()'><b>setUp</b><br>Test class: com.ibm.mySA_IA.testScripts.TC_99580_003_Verifycreatedsolution</td>
<td></td>
<td>0</td>
<td>com.ibm.mySA_IA.testScripts.TC_99580_003_Verifycreatedsolution@71423665</td></tr>
<tr>
<td title='com.ibm.mySA_IA.testScripts.TC_99578_001_AddNewSolution.tearDown()'><b>tearDown</b><br>Test class: com.ibm.mySA_IA.testScripts.TC_99578_001_AddNewSolution</td>
<td></td>
<td>0</td>
<td>com.ibm.mySA_IA.testScripts.TC_99578_001_AddNewSolution@78c03f1f</td></tr>
<tr>
<td title='com.ibm.mySA_IA.testScripts.TC_99578_002_VerifySolution.tearDown()'><b>tearDown</b><br>Test class: com.ibm.mySA_IA.testScripts.TC_99578_002_VerifySolution</td>
<td></td>
<td>0</td>
<td>com.ibm.mySA_IA.testScripts.TC_99578_002_VerifySolution@5ec0a365</td></tr>
<tr>
<td title='com.ibm.mySA_IA.testScripts.TC_99578_003_VerifySolIncentive.tearDown()'><b>tearDown</b><br>Test class: com.ibm.mySA_IA.testScripts.TC_99578_003_VerifySolIncentive</td>
<td></td>
<td>0</td>
<td>com.ibm.mySA_IA.testScripts.TC_99578_003_VerifySolIncentive@4fe3c938</td></tr>
<tr>
<td title='com.ibm.mySA_IA.testScripts.TC_99580_001_AddExistingsol.tearDown()'><b>tearDown</b><br>Test class: com.ibm.mySA_IA.testScripts.TC_99580_001_AddExistingsol</td>
<td></td>
<td>0</td>
<td>com.ibm.mySA_IA.testScripts.TC_99580_001_AddExistingsol@5383967b</td></tr>
<tr>
<td title='com.ibm.mySA_IA.testScripts.TC_99580_002_VerifySolution.tearDown()'><b>tearDown</b><br>Test class: com.ibm.mySA_IA.testScripts.TC_99580_002_VerifySolution</td>
<td></td>
<td>0</td>
<td>com.ibm.mySA_IA.testScripts.TC_99580_002_VerifySolution@2ac273d3</td></tr>
<tr>
<td title='com.ibm.mySA_IA.testScripts.TC_99580_003_Verifycreatedsolution.tearDown()'><b>tearDown</b><br>Test class: com.ibm.mySA_IA.testScripts.TC_99580_003_Verifycreatedsolution</td>
<td></td>
<td>0</td>
<td>com.ibm.mySA_IA.testScripts.TC_99580_003_Verifycreatedsolution@71423665</td></tr>
</table><p>
<table width='100%' border='1' class='invocation-skipped'>
<tr><td colspan='4' align='center'><b>SKIPPED TESTS</b></td></tr>
<tr><td><b>Test method</b></td>
<td width="30%"><b>Exception</b></td>
<td width="10%"><b>Time (seconds)</b></td>
<td><b>Instance</b></td>
</tr>
<tr>
<td title='com.ibm.mySA_IA.testScripts.TC_99580_001_AddExistingsol.testAddExistingSolution()'><b>testAddExistingSolution</b><br>Test class: com.ibm.mySA_IA.testScripts.TC_99580_001_AddExistingsol</td>
<td></td>
<td>0</td>
<td>com.ibm.mySA_IA.testScripts.TC_99580_001_AddExistingsol@5383967b</td></tr>
<tr>
<td title='com.ibm.mySA_IA.testScripts.TC_99578_001_AddNewSolution.testAddNewSolution()'><b>testAddNewSolution</b><br>Test class: com.ibm.mySA_IA.testScripts.TC_99578_001_AddNewSolution</td>
<td></td>
<td>0</td>
<td>com.ibm.mySA_IA.testScripts.TC_99578_001_AddNewSolution@78c03f1f</td></tr>
<tr>
<td title='com.ibm.mySA_IA.testScripts.TC_99580_003_Verifycreatedsolution.testVerifyCreatedSolution()'><b>testVerifyCreatedSolution</b><br>Test class: com.ibm.mySA_IA.testScripts.TC_99580_003_Verifycreatedsolution</td>
<td></td>
<td>0</td>
<td>com.ibm.mySA_IA.testScripts.TC_99580_003_Verifycreatedsolution@71423665</td></tr>
<tr>
<td title='com.ibm.mySA_IA.testScripts.TC_99578_002_VerifySolution.testVerifyNewSoln()'><b>testVerifyNewSoln</b><br>Test class: com.ibm.mySA_IA.testScripts.TC_99578_002_VerifySolution</td>
<td></td>
<td>0</td>
<td>com.ibm.mySA_IA.testScripts.TC_99578_002_VerifySolution@5ec0a365</td></tr>
<tr>
<td title='com.ibm.mySA_IA.testScripts.TC_99578_003_VerifySolIncentive.testVerifySolutionIncentive()'><b>testVerifySolutionIncentive</b><br>Test class: com.ibm.mySA_IA.testScripts.TC_99578_003_VerifySolIncentive</td>
<td></td>
<td>0</td>
<td>com.ibm.mySA_IA.testScripts.TC_99578_003_VerifySolIncentive@4fe3c938</td></tr>
<tr>
<td title='com.ibm.mySA_IA.testScripts.TC_99580_002_VerifySolution.testverifyAddedSolution()'><b>testverifyAddedSolution</b><br>Test class: com.ibm.mySA_IA.testScripts.TC_99580_002_VerifySolution</td>
<td></td>
<td>0</td>
<td>com.ibm.mySA_IA.testScripts.TC_99580_002_VerifySolution@2ac273d3</td></tr>
</table><p>
</body>
</html>